行 44: 控件 XPButton6 的类 StoneXP.XPButton 不是一个已加载的控件类。
行 78: 控件 XPButton5 的类 StoneXP.XPButton 不是一个已加载的控件类。
行 99: 控件 XPButton4 的类 StoneXP.XPButton 不是一个已加载的控件类。
行 120: 控件 XPButton3 的类 StoneXP.XPButton 不是一个已加载的控件类。
行 200: 控件 XPButton8 的类 StoneXP.XPButton 不是一个已加载的控件类。
行 221: 控件 XPButton1 的类 StoneXP.XPButton 不是一个已加载的控件类。
行 50: 属性名 _ExtentX 在 XPButton6 中是无效的。
行 51: 属性名 _ExtentY 在 XPButton6 中是无效的。
行 61: 属性名 Caption 在 XPButton6 中是无效的。
行 44: 属性 MouseIcon 在 XPButton6 中不能被设置。
行 84: 属性名 _ExtentX 在 XPButton5 中是无效的。
行 85: 属性名 _ExtentY 在 XPButton5 中是无效的。
行 95: 属性名 Caption 在 XPButton5 中是无效的。
行 78: 属性 MouseIcon 在 XPButton5 中不能被设置。
行 105: 属性名 _ExtentX 在 XPButton4 中是无效的。
行 106: 属性名 _ExtentY 在 XPButton4 中是无效的。
行 116: 属性名 Caption 在 XPButton4 中是无效的。
行 99: 属性 MouseIcon 在 XPButton4 中不能被设置。
行 126: 属性名 _ExtentX 在 XPButton3 中是无效的。
行 127: 属性名 _ExtentY 在 XPButton3 中是无效的。
行 137: 属性名 Caption 在 XPButton3 中是无效的。
行 120: 属性 MouseIcon 在 XPButton3 中不能被设置。
行 206: 属性名 _ExtentX 在 XPButton8 中是无效的。
行 207: 属性名 _ExtentY 在 XPButton8 中是无效的。
行 217: 属性名 Caption 在 XPButton8 中是无效的。
行 200: 属性 MouseIcon 在 XPButton8 中不能被设置。
行 227: 属性名 _ExtentX 在 XPButton1 中是无效的。
行 228: 属性名 _ExtentY 在 XPButton1 中是无效的。
行 238: 属性名 Caption 在 XPButton1 中是无效的。
行 221: 属性 MouseIcon 在 XPButton1 中不能被设置。
