行 13: 控件 UpDown1 的类 MSComCtl2.UpDown 不是一个已加载的控件类。
行 1259: 控件 UpDown1 的类 MSComCtl2.UpDown 不是一个已加载的控件类。
行 1278: 控件 UpDown1 的类 MSComCtl2.UpDown 不是一个已加载的控件类。
行 1297: 控件 UpDown1 的类 MSComCtl2.UpDown 不是一个已加载的控件类。
行 1316: 控件 UpDown1 的类 MSComCtl2.UpDown 不是一个已加载的控件类。
行 1335: 控件 UpDown1 的类 MSComCtl2.UpDown 不是一个已加载的控件类。
行 1354: 控件 UpDown1 的类 MSComCtl2.UpDown 不是一个已加载的控件类。
行 1373: 控件 UpDown1 的类 MSComCtl2.UpDown 不是一个已加载的控件类。
行 1392: 控件 UpDown1 的类 MSComCtl2.UpDown 不是一个已加载的控件类。
行 1411: 控件 UpDown1 的类 MSComCtl2.UpDown 不是一个已加载的控件类。
行 1430: 控件 UpDown1 的类 MSComCtl2.UpDown 不是一个已加载的控件类。
行 1449: 控件 UpDown1 的类 MSComCtl2.UpDown 不是一个已加载的控件类。
行 1468: 控件 UpDown1 的类 MSComCtl2.UpDown 不是一个已加载的控件类。
行 1487: 控件 UpDown1 的类 MSComCtl2.UpDown 不是一个已加载的控件类。
行 1506: 控件 UpDown1 的类 MSComCtl2.UpDown 不是一个已加载的控件类。
行 1525: 控件 UpDown1 的类 MSComCtl2.UpDown 不是一个已加载的控件类。
行 1544: 控件 UpDown1 的类 MSComCtl2.UpDown 不是一个已加载的控件类。
行 1563: 控件 UpDown1 的类 MSComCtl2.UpDown 不是一个已加载的控件类。
行 1582: 控件 UpDown1 的类 MSComCtl2.UpDown 不是一个已加载的控件类。
行 1601: 控件 UpDown1 的类 MSComCtl2.UpDown 不是一个已加载的控件类。
行 20: 属性名 _ExtentX 在 UpDown1 中是无效的。
行 21: 属性名 _ExtentY 在 UpDown1 中是无效的。
行 22: 属性名 _Version 在 UpDown1 中是无效的。
行 23: 属性名 BuddyControl 在 UpDown1 中是无效的。
行 24: 属性名 BuddyDispid 在 UpDown1 中是无效的。
行 25: 属性名 BuddyIndex 在 UpDown1 中是无效的。
行 26: 属性名 OrigLeft 在 UpDown1 中是无效的。
行 27: 属性名 OrigTop 在 UpDown1 中是无效的。
行 28: 属性名 OrigRight 在 UpDown1 中是无效的。
行 29: 属性名 OrigBottom 在 UpDown1 中是无效的。
行 1266: 属性名 _ExtentX 在 UpDown1 中是无效的。
行 1267: 属性名 _ExtentY 在 UpDown1 中是无效的。
行 1268: 属性名 _Version 在 UpDown1 中是无效的。
行 1269: 属性名 BuddyControl 在 UpDown1 中是无效的。
行 1270: 属性名 BuddyDispid 在 UpDown1 中是无效的。
行 1271: 属性名 BuddyIndex 在 UpDown1 中是无效的。
行 1272: 属性名 OrigLeft 在 UpDown1 中是无效的。
行 1273: 属性名 OrigTop 在 UpDown1 中是无效的。
行 1274: 属性名 OrigRight 在 UpDown1 中是无效的。
行 1275: 属性名 OrigBottom 在 UpDown1 中是无效的。
行 1285: 属性名 _ExtentX 在 UpDown1 中是无效的。
行 1286: 属性名 _ExtentY 在 UpDown1 中是无效的。
行 1287: 属性名 _Version 在 UpDown1 中是无效的。
行 1288: 属性名 BuddyControl 在 UpDown1 中是无效的。
行 1289: 属性名 BuddyDispid 在 UpDown1 中是无效的。
行 1290: 属性名 BuddyIndex 在 UpDown1 中是无效的。
行 1291: 属性名 OrigLeft 在 UpDown1 中是无效的。
行 1292: 属性名 OrigTop 在 UpDown1 中是无效的。
行 1293: 属性名 OrigRight 在 UpDown1 中是无效的。
行 1294: 属性名 OrigBottom 在 UpDown1 中是无效的。
行 1304: 属性名 _ExtentX 在 UpDown1 中是无效的。
行 1305: 属性名 _ExtentY 在 UpDown1 中是无效的。
行 1306: 属性名 _Version 在 UpDown1 中是无效的。
行 1307: 属性名 BuddyControl 在 UpDown1 中是无效的。
行 1308: 属性名 BuddyDispid 在 UpDown1 中是无效的。
行 1309: 属性名 BuddyIndex 在 UpDown1 中是无效的。
行 1310: 属性名 OrigLeft 在 UpDown1 中是无效的。
行 1311: 属性名 OrigTop 在 UpDown1 中是无效的。
行 1312: 属性名 OrigRight 在 UpDown1 中是无效的。
行 1313: 属性名 OrigBottom 在 UpDown1 中是无效的。
行 1323: 属性名 _ExtentX 在 UpDown1 中是无效的。
行 1324: 属性名 _ExtentY 在 UpDown1 中是无效的。
行 1325: 属性名 _Version 在 UpDown1 中是无效的。
行 1326: 属性名 BuddyControl 在 UpDown1 中是无效的。
行 1327: 属性名 BuddyDispid 在 UpDown1 中是无效的。
行 1328: 属性名 BuddyIndex 在 UpDown1 中是无效的。
行 1329: 属性名 OrigLeft 在 UpDown1 中是无效的。
行 1330: 属性名 OrigTop 在 UpDown1 中是无效的。
行 1331: 属性名 OrigRight 在 UpDown1 中是无效的。
行 1332: 属性名 OrigBottom 在 UpDown1 中是无效的。
行 1342: 属性名 _ExtentX 在 UpDown1 中是无效的。
行 1343: 属性名 _ExtentY 在 UpDown1 中是无效的。
行 1344: 属性名 _Version 在 UpDown1 中是无效的。
行 1345: 属性名 BuddyControl 在 UpDown1 中是无效的。
行 1346: 属性名 BuddyDispid 在 UpDown1 中是无效的。
行 1347: 属性名 BuddyIndex 在 UpDown1 中是无效的。
行 1348: 属性名 OrigLeft 在 UpDown1 中是无效的。
行 1349: 属性名 OrigTop 在 UpDown1 中是无效的。
行 1350: 属性名 OrigRight 在 UpDown1 中是无效的。
行 1351: 属性名 OrigBottom 在 UpDown1 中是无效的。
行 1361: 属性名 _ExtentX 在 UpDown1 中是无效的。
行 1362: 属性名 _ExtentY 在 UpDown1 中是无效的。
行 1363: 属性名 _Version 在 UpDown1 中是无效的。
行 1364: 属性名 BuddyControl 在 UpDown1 中是无效的。
行 1365: 属性名 BuddyDispid 在 UpDown1 中是无效的。
行 1366: 属性名 BuddyIndex 在 UpDown1 中是无效的。
行 1367: 属性名 OrigLeft 在 UpDown1 中是无效的。
行 1368: 属性名 OrigTop 在 UpDown1 中是无效的。
行 1369: 属性名 OrigRight 在 UpDown1 中是无效的。
行 1370: 属性名 OrigBottom 在 UpDown1 中是无效的。
行 1380: 属性名 _ExtentX 在 UpDown1 中是无效的。
行 1381: 属性名 _ExtentY 在 UpDown1 中是无效的。
行 1382: 属性名 _Version 在 UpDown1 中是无效的。
行 1383: 属性名 BuddyControl 在 UpDown1 中是无效的。
行 1384: 属性名 BuddyDispid 在 UpDown1 中是无效的。
行 1385: 属性名 BuddyIndex 在 UpDown1 中是无效的。
行 1386: 属性名 OrigLeft 在 UpDown1 中是无效的。
行 1387: 属性名 OrigTop 在 UpDown1 中是无效的。
行 1388: 属性名 OrigRight 在 UpDown1 中是无效的。
行 1389: 属性名 OrigBottom 在 UpDown1 中是无效的。
行 1399: 属性名 _ExtentX 在 UpDown1 中是无效的。
行 1400: 属性名 _ExtentY 在 UpDown1 中是无效的。
行 1401: 属性名 _Version 在 UpDown1 中是无效的。
行 1402: 属性名 BuddyControl 在 UpDown1 中是无效的。
行 1403: 属性名 BuddyDispid 在 UpDown1 中是无效的。
行 1404: 属性名 BuddyIndex 在 UpDown1 中是无效的。
行 1405: 属性名 OrigLeft 在 UpDown1 中是无效的。
行 1406: 属性名 OrigTop 在 UpDown1 中是无效的。
行 1407: 属性名 OrigRight 在 UpDown1 中是无效的。
行 1408: 属性名 OrigBottom 在 UpDown1 中是无效的。
行 1418: 属性名 _ExtentX 在 UpDown1 中是无效的。
行 1419: 属性名 _ExtentY 在 UpDown1 中是无效的。
行 1420: 属性名 _Version 在 UpDown1 中是无效的。
行 1421: 属性名 BuddyControl 在 UpDown1 中是无效的。
行 1422: 属性名 BuddyDispid 在 UpDown1 中是无效的。
行 1423: 属性名 BuddyIndex 在 UpDown1 中是无效的。
行 1424: 属性名 OrigLeft 在 UpDown1 中是无效的。
行 1425: 属性名 OrigTop 在 UpDown1 中是无效的。
行 1426: 属性名 OrigRight 在 UpDown1 中是无效的。
行 1427: 属性名 OrigBottom 在 UpDown1 中是无效的。
行 1437: 属性名 _ExtentX 在 UpDown1 中是无效的。
行 1438: 属性名 _ExtentY 在 UpDown1 中是无效的。
行 1439: 属性名 _Version 在 UpDown1 中是无效的。
行 1440: 属性名 BuddyControl 在 UpDown1 中是无效的。
行 1441: 属性名 BuddyDispid 在 UpDown1 中是无效的。
行 1442: 属性名 BuddyIndex 在 UpDown1 中是无效的。
行 1443: 属性名 OrigLeft 在 UpDown1 中是无效的。
行 1444: 属性名 OrigTop 在 UpDown1 中是无效的。
行 1445: 属性名 OrigRight 在 UpDown1 中是无效的。
行 1446: 属性名 OrigBottom 在 UpDown1 中是无效的。
行 1456: 属性名 _ExtentX 在 UpDown1 中是无效的。
行 1457: 属性名 _ExtentY 在 UpDown1 中是无效的。
行 1458: 属性名 _Version 在 UpDown1 中是无效的。
行 1459: 属性名 BuddyControl 在 UpDown1 中是无效的。
行 1460: 属性名 BuddyDispid 在 UpDown1 中是无效的。
行 1461: 属性名 BuddyIndex 在 UpDown1 中是无效的。
行 1462: 属性名 OrigLeft 在 UpDown1 中是无效的。
行 1463: 属性名 OrigTop 在 UpDown1 中是无效的。
行 1464: 属性名 OrigRight 在 UpDown1 中是无效的。
行 1465: 属性名 OrigBottom 在 UpDown1 中是无效的。
行 1475: 属性名 _ExtentX 在 UpDown1 中是无效的。
行 1476: 属性名 _ExtentY 在 UpDown1 中是无效的。
行 1477: 属性名 _Version 在 UpDown1 中是无效的。
行 1478: 属性名 BuddyControl 在 UpDown1 中是无效的。
行 1479: 属性名 BuddyDispid 在 UpDown1 中是无效的。
行 1480: 属性名 BuddyIndex 在 UpDown1 中是无效的。
行 1481: 属性名 OrigLeft 在 UpDown1 中是无效的。
行 1482: 属性名 OrigTop 在 UpDown1 中是无效的。
行 1483: 属性名 OrigRight 在 UpDown1 中是无效的。
行 1484: 属性名 OrigBottom 在 UpDown1 中是无效的。
行 1494: 属性名 _ExtentX 在 UpDown1 中是无效的。
行 1495: 属性名 _ExtentY 在 UpDown1 中是无效的。
行 1496: 属性名 _Version 在 UpDown1 中是无效的。
行 1497: 属性名 BuddyControl 在 UpDown1 中是无效的。
行 1498: 属性名 BuddyDispid 在 UpDown1 中是无效的。
行 1499: 属性名 BuddyIndex 在 UpDown1 中是无效的。
行 1500: 属性名 OrigLeft 在 UpDown1 中是无效的。
行 1501: 属性名 OrigTop 在 UpDown1 中是无效的。
行 1502: 属性名 OrigRight 在 UpDown1 中是无效的。
行 1503: 属性名 OrigBottom 在 UpDown1 中是无效的。
行 1513: 属性名 _ExtentX 在 UpDown1 中是无效的。
行 1514: 属性名 _ExtentY 在 UpDown1 中是无效的。
行 1515: 属性名 _Version 在 UpDown1 中是无效的。
行 1516: 属性名 BuddyControl 在 UpDown1 中是无效的。
行 1517: 属性名 BuddyDispid 在 UpDown1 中是无效的。
行 1518: 属性名 BuddyIndex 在 UpDown1 中是无效的。
行 1519: 属性名 OrigLeft 在 UpDown1 中是无效的。
行 1520: 属性名 OrigTop 在 UpDown1 中是无效的。
行 1521: 属性名 OrigRight 在 UpDown1 中是无效的。
行 1522: 属性名 OrigBottom 在 UpDown1 中是无效的。
行 1532: 属性名 _ExtentX 在 UpDown1 中是无效的。
行 1533: 属性名 _ExtentY 在 UpDown1 中是无效的。
行 1534: 属性名 _Version 在 UpDown1 中是无效的。
行 1535: 属性名 BuddyControl 在 UpDown1 中是无效的。
行 1536: 属性名 BuddyDispid 在 UpDown1 中是无效的。
行 1537: 属性名 BuddyIndex 在 UpDown1 中是无效的。
行 1538: 属性名 OrigLeft 在 UpDown1 中是无效的。
行 1539: 属性名 OrigTop 在 UpDown1 中是无效的。
行 1540: 属性名 OrigRight 在 UpDown1 中是无效的。
行 1541: 属性名 OrigBottom 在 UpDown1 中是无效的。
行 1551: 属性名 _ExtentX 在 UpDown1 中是无效的。
行 1552: 属性名 _ExtentY 在 UpDown1 中是无效的。
行 1553: 属性名 _Version 在 UpDown1 中是无效的。
行 1554: 属性名 BuddyControl 在 UpDown1 中是无效的。
行 1555: 属性名 BuddyDispid 在 UpDown1 中是无效的。
行 1556: 属性名 BuddyIndex 在 UpDown1 中是无效的。
行 1557: 属性名 OrigLeft 在 UpDown1 中是无效的。
行 1558: 属性名 OrigTop 在 UpDown1 中是无效的。
行 1559: 属性名 OrigRight 在 UpDown1 中是无效的。
行 1560: 属性名 OrigBottom 在 UpDown1 中是无效的。
行 1570: 属性名 _ExtentX 在 UpDown1 中是无效的。
行 1571: 属性名 _ExtentY 在 UpDown1 中是无效的。
行 1572: 属性名 _Version 在 UpDown1 中是无效的。
行 1573: 属性名 BuddyControl 在 UpDown1 中是无效的。
行 1574: 属性名 BuddyDispid 在 UpDown1 中是无效的。
行 1575: 属性名 BuddyIndex 在 UpDown1 中是无效的。
行 1576: 属性名 OrigLeft 在 UpDown1 中是无效的。
行 1577: 属性名 OrigTop 在 UpDown1 中是无效的。
行 1578: 属性名 OrigRight 在 UpDown1 中是无效的。
行 1579: 属性名 OrigBottom 在 UpDown1 中是无效的。
行 1589: 属性名 _ExtentX 在 UpDown1 中是无效的。
行 1590: 属性名 _ExtentY 在 UpDown1 中是无效的。
行 1591: 属性名 _Version 在 UpDown1 中是无效的。
行 1592: 属性名 BuddyControl 在 UpDown1 中是无效的。
行 1593: 属性名 BuddyDispid 在 UpDown1 中是无效的。
行 1594: 属性名 BuddyIndex 在 UpDown1 中是无效的。
行 1595: 属性名 OrigLeft 在 UpDown1 中是无效的。
行 1596: 属性名 OrigTop 在 UpDown1 中是无效的。
行 1597: 属性名 OrigRight 在 UpDown1 中是无效的。
行 1598: 属性名 OrigBottom 在 UpDown1 中是无效的。
行 1608: 属性名 _ExtentX 在 UpDown1 中是无效的。
行 1609: 属性名 _ExtentY 在 UpDown1 中是无效的。
行 1610: 属性名 _Version 在 UpDown1 中是无效的。
行 1611: 属性名 BuddyControl 在 UpDown1 中是无效的。
行 1612: 属性名 BuddyDispid 在 UpDown1 中是无效的。
行 1613: 属性名 BuddyIndex 在 UpDown1 中是无效的。
行 1614: 属性名 OrigLeft 在 UpDown1 中是无效的。
行 1615: 属性名 OrigTop 在 UpDown1 中是无效的。
行 1616: 属性名 OrigRight 在 UpDown1 中是无效的。
行 1617: 属性名 OrigBottom 在 UpDown1 中是无效的。
行 20: 属性名 _ExtentX 在 UpDown1 中是无效的。
行 21: 属性名 _ExtentY 在 UpDown1 中是无效的。
行 22: 属性名 _Version 在 UpDown1 中是无效的。
行 23: 属性名 BuddyControl 在 UpDown1 中是无效的。
行 24: 属性名 BuddyDispid 在 UpDown1 中是无效的。
行 25: 属性名 BuddyIndex 在 UpDown1 中是无效的。
行 26: 属性名 OrigLeft 在 UpDown1 中是无效的。
行 27: 属性名 OrigTop 在 UpDown1 中是无效的。
行 28: 属性名 OrigRight 在 UpDown1 中是无效的。
行 29: 属性名 OrigBottom 在 UpDown1 中是无效的。
行 1266: 属性名 _ExtentX 在 UpDown1 中是无效的。
行 1267: 属性名 _ExtentY 在 UpDown1 中是无效的。
行 1268: 属性名 _Version 在 UpDown1 中是无效的。
行 1269: 属性名 BuddyControl 在 UpDown1 中是无效的。
行 1270: 属性名 BuddyDispid 在 UpDown1 中是无效的。
行 1271: 属性名 BuddyIndex 在 UpDown1 中是无效的。
行 1272: 属性名 OrigLeft 在 UpDown1 中是无效的。
行 1273: 属性名 OrigTop 在 UpDown1 中是无效的。
行 1274: 属性名 OrigRight 在 UpDown1 中是无效的。
行 1275: 属性名 OrigBottom 在 UpDown1 中是无效的。
行 1285: 属性名 _ExtentX 在 UpDown1 中是无效的。
行 1286: 属性名 _ExtentY 在 UpDown1 中是无效的。
行 1287: 属性名 _Version 在 UpDown1 中是无效的。
行 1288: 属性名 BuddyControl 在 UpDown1 中是无效的。
行 1289: 属性名 BuddyDispid 在 UpDown1 中是无效的。
行 1290: 属性名 BuddyIndex 在 UpDown1 中是无效的。
行 1291: 属性名 OrigLeft 在 UpDown1 中是无效的。
行 1292: 属性名 OrigTop 在 UpDown1 中是无效的。
行 1293: 属性名 OrigRight 在 UpDown1 中是无效的。
行 1294: 属性名 OrigBottom 在 UpDown1 中是无效的。
行 1304: 属性名 _ExtentX 在 UpDown1 中是无效的。
行 1305: 属性名 _ExtentY 在 UpDown1 中是无效的。
行 1306: 属性名 _Version 在 UpDown1 中是无效的。
行 1307: 属性名 BuddyControl 在 UpDown1 中是无效的。
行 1308: 属性名 BuddyDispid 在 UpDown1 中是无效的。
行 1309: 属性名 BuddyIndex 在 UpDown1 中是无效的。
行 1310: 属性名 OrigLeft 在 UpDown1 中是无效的。
行 1311: 属性名 OrigTop 在 UpDown1 中是无效的。
行 1312: 属性名 OrigRight 在 UpDown1 中是无效的。
行 1313: 属性名 OrigBottom 在 UpDown1 中是无效的。
行 1323: 属性名 _ExtentX 在 UpDown1 中是无效的。
行 1324: 属性名 _ExtentY 在 UpDown1 中是无效的。
行 1325: 属性名 _Version 在 UpDown1 中是无效的。
行 1326: 属性名 BuddyControl 在 UpDown1 中是无效的。
行 1327: 属性名 BuddyDispid 在 UpDown1 中是无效的。
行 1328: 属性名 BuddyIndex 在 UpDown1 中是无效的。
行 1329: 属性名 OrigLeft 在 UpDown1 中是无效的。
行 1330: 属性名 OrigTop 在 UpDown1 中是无效的。
行 1331: 属性名 OrigRight 在 UpDown1 中是无效的。
行 1332: 属性名 OrigBottom 在 UpDown1 中是无效的。
行 1342: 属性名 _ExtentX 在 UpDown1 中是无效的。
行 1343: 属性名 _ExtentY 在 UpDown1 中是无效的。
行 1344: 属性名 _Version 在 UpDown1 中是无效的。
行 1345: 属性名 BuddyControl 在 UpDown1 中是无效的。
行 1346: 属性名 BuddyDispid 在 UpDown1 中是无效的。
行 1347: 属性名 BuddyIndex 在 UpDown1 中是无效的。
行 1348: 属性名 OrigLeft 在 UpDown1 中是无效的。
行 1349: 属性名 OrigTop 在 UpDown1 中是无效的。
行 1350: 属性名 OrigRight 在 UpDown1 中是无效的。
行 1351: 属性名 OrigBottom 在 UpDown1 中是无效的。
行 1361: 属性名 _ExtentX 在 UpDown1 中是无效的。
行 1362: 属性名 _ExtentY 在 UpDown1 中是无效的。
行 1363: 属性名 _Version 在 UpDown1 中是无效的。
行 1364: 属性名 BuddyControl 在 UpDown1 中是无效的。
行 1365: 属性名 BuddyDispid 在 UpDown1 中是无效的。
行 1366: 属性名 BuddyIndex 在 UpDown1 中是无效的。
行 1367: 属性名 OrigLeft 在 UpDown1 中是无效的。
行 1368: 属性名 OrigTop 在 UpDown1 中是无效的。
行 1369: 属性名 OrigRight 在 UpDown1 中是无效的。
行 1370: 属性名 OrigBottom 在 UpDown1 中是无效的。
行 1380: 属性名 _ExtentX 在 UpDown1 中是无效的。
行 1381: 属性名 _ExtentY 在 UpDown1 中是无效的。
行 1382: 属性名 _Version 在 UpDown1 中是无效的。
行 1383: 属性名 BuddyControl 在 UpDown1 中是无效的。
行 1384: 属性名 BuddyDispid 在 UpDown1 中是无效的。
行 1385: 属性名 BuddyIndex 在 UpDown1 中是无效的。
行 1386: 属性名 OrigLeft 在 UpDown1 中是无效的。
行 1387: 属性名 OrigTop 在 UpDown1 中是无效的。
行 1388: 属性名 OrigRight 在 UpDown1 中是无效的。
行 1389: 属性名 OrigBottom 在 UpDown1 中是无效的。
行 1399: 属性名 _ExtentX 在 UpDown1 中是无效的。
行 1400: 属性名 _ExtentY 在 UpDown1 中是无效的。
行 1401: 属性名 _Version 在 UpDown1 中是无效的。
行 1402: 属性名 BuddyControl 在 UpDown1 中是无效的。
行 1403: 属性名 BuddyDispid 在 UpDown1 中是无效的。
行 1404: 属性名 BuddyIndex 在 UpDown1 中是无效的。
行 1405: 属性名 OrigLeft 在 UpDown1 中是无效的。
行 1406: 属性名 OrigTop 在 UpDown1 中是无效的。
行 1407: 属性名 OrigRight 在 UpDown1 中是无效的。
行 1408: 属性名 OrigBottom 在 UpDown1 中是无效的。
行 1418: 属性名 _ExtentX 在 UpDown1 中是无效的。
行 1419: 属性名 _ExtentY 在 UpDown1 中是无效的。
行 1420: 属性名 _Version 在 UpDown1 中是无效的。
行 1421: 属性名 BuddyControl 在 UpDown1 中是无效的。
行 1422: 属性名 BuddyDispid 在 UpDown1 中是无效的。
行 1423: 属性名 BuddyIndex 在 UpDown1 中是无效的。
行 1424: 属性名 OrigLeft 在 UpDown1 中是无效的。
行 1425: 属性名 OrigTop 在 UpDown1 中是无效的。
行 1426: 属性名 OrigRight 在 UpDown1 中是无效的。
行 1427: 属性名 OrigBottom 在 UpDown1 中是无效的。
行 1437: 属性名 _ExtentX 在 UpDown1 中是无效的。
行 1438: 属性名 _ExtentY 在 UpDown1 中是无效的。
行 1439: 属性名 _Version 在 UpDown1 中是无效的。
行 1440: 属性名 BuddyControl 在 UpDown1 中是无效的。
行 1441: 属性名 BuddyDispid 在 UpDown1 中是无效的。
行 1442: 属性名 BuddyIndex 在 UpDown1 中是无效的。
行 1443: 属性名 OrigLeft 在 UpDown1 中是无效的。
行 1444: 属性名 OrigTop 在 UpDown1 中是无效的。
行 1445: 属性名 OrigRight 在 UpDown1 中是无效的。
行 1446: 属性名 OrigBottom 在 UpDown1 中是无效的。
行 1456: 属性名 _ExtentX 在 UpDown1 中是无效的。
行 1457: 属性名 _ExtentY 在 UpDown1 中是无效的。
行 1458: 属性名 _Version 在 UpDown1 中是无效的。
行 1459: 属性名 BuddyControl 在 UpDown1 中是无效的。
行 1460: 属性名 BuddyDispid 在 UpDown1 中是无效的。
行 1461: 属性名 BuddyIndex 在 UpDown1 中是无效的。
行 1462: 属性名 OrigLeft 在 UpDown1 中是无效的。
行 1463: 属性名 OrigTop 在 UpDown1 中是无效的。
行 1464: 属性名 OrigRight 在 UpDown1 中是无效的。
行 1465: 属性名 OrigBottom 在 UpDown1 中是无效的。
行 1475: 属性名 _ExtentX 在 UpDown1 中是无效的。
行 1476: 属性名 _ExtentY 在 UpDown1 中是无效的。
行 1477: 属性名 _Version 在 UpDown1 中是无效的。
行 1478: 属性名 BuddyControl 在 UpDown1 中是无效的。
行 1479: 属性名 BuddyDispid 在 UpDown1 中是无效的。
行 1480: 属性名 BuddyIndex 在 UpDown1 中是无效的。
行 1481: 属性名 OrigLeft 在 UpDown1 中是无效的。
行 1482: 属性名 OrigTop 在 UpDown1 中是无效的。
行 1483: 属性名 OrigRight 在 UpDown1 中是无效的。
行 1484: 属性名 OrigBottom 在 UpDown1 中是无效的。
行 1494: 属性名 _ExtentX 在 UpDown1 中是无效的。
行 1495: 属性名 _ExtentY 在 UpDown1 中是无效的。
行 1496: 属性名 _Version 在 UpDown1 中是无效的。
行 1497: 属性名 BuddyControl 在 UpDown1 中是无效的。
行 1498: 属性名 BuddyDispid 在 UpDown1 中是无效的。
行 1499: 属性名 BuddyIndex 在 UpDown1 中是无效的。
行 1500: 属性名 OrigLeft 在 UpDown1 中是无效的。
行 1501: 属性名 OrigTop 在 UpDown1 中是无效的。
行 1502: 属性名 OrigRight 在 UpDown1 中是无效的。
行 1503: 属性名 OrigBottom 在 UpDown1 中是无效的。
行 1513: 属性名 _ExtentX 在 UpDown1 中是无效的。
行 1514: 属性名 _ExtentY 在 UpDown1 中是无效的。
行 1515: 属性名 _Version 在 UpDown1 中是无效的。
行 1516: 属性名 BuddyControl 在 UpDown1 中是无效的。
行 1517: 属性名 BuddyDispid 在 UpDown1 中是无效的。
行 1518: 属性名 BuddyIndex 在 UpDown1 中是无效的。
行 1519: 属性名 OrigLeft 在 UpDown1 中是无效的。
行 1520: 属性名 OrigTop 在 UpDown1 中是无效的。
行 1521: 属性名 OrigRight 在 UpDown1 中是无效的。
行 1522: 属性名 OrigBottom 在 UpDown1 中是无效的。
行 1532: 属性名 _ExtentX 在 UpDown1 中是无效的。
行 1533: 属性名 _ExtentY 在 UpDown1 中是无效的。
行 1534: 属性名 _Version 在 UpDown1 中是无效的。
行 1535: 属性名 BuddyControl 在 UpDown1 中是无效的。
行 1536: 属性名 BuddyDispid 在 UpDown1 中是无效的。
行 1537: 属性名 BuddyIndex 在 UpDown1 中是无效的。
行 1538: 属性名 OrigLeft 在 UpDown1 中是无效的。
行 1539: 属性名 OrigTop 在 UpDown1 中是无效的。
行 1540: 属性名 OrigRight 在 UpDown1 中是无效的。
行 1541: 属性名 OrigBottom 在 UpDown1 中是无效的。
行 1551: 属性名 _ExtentX 在 UpDown1 中是无效的。
行 1552: 属性名 _ExtentY 在 UpDown1 中是无效的。
行 1553: 属性名 _Version 在 UpDown1 中是无效的。
行 1554: 属性名 BuddyControl 在 UpDown1 中是无效的。
行 1555: 属性名 BuddyDispid 在 UpDown1 中是无效的。
行 1556: 属性名 BuddyIndex 在 UpDown1 中是无效的。
行 1557: 属性名 OrigLeft 在 UpDown1 中是无效的。
行 1558: 属性名 OrigTop 在 UpDown1 中是无效的。
行 1559: 属性名 OrigRight 在 UpDown1 中是无效的。
行 1560: 属性名 OrigBottom 在 UpDown1 中是无效的。
行 1570: 属性名 _ExtentX 在 UpDown1 中是无效的。
行 1571: 属性名 _ExtentY 在 UpDown1 中是无效的。
行 1572: 属性名 _Version 在 UpDown1 中是无效的。
行 1573: 属性名 BuddyControl 在 UpDown1 中是无效的。
行 1574: 属性名 BuddyDispid 在 UpDown1 中是无效的。
行 1575: 属性名 BuddyIndex 在 UpDown1 中是无效的。
行 1576: 属性名 OrigLeft 在 UpDown1 中是无效的。
行 1577: 属性名 OrigTop 在 UpDown1 中是无效的。
行 1578: 属性名 OrigRight 在 UpDown1 中是无效的。
行 1579: 属性名 OrigBottom 在 UpDown1 中是无效的。
行 1589: 属性名 _ExtentX 在 UpDown1 中是无效的。
行 1590: 属性名 _ExtentY 在 UpDown1 中是无效的。
行 1591: 属性名 _Version 在 UpDown1 中是无效的。
行 1592: 属性名 BuddyControl 在 UpDown1 中是无效的。
行 1593: 属性名 BuddyDispid 在 UpDown1 中是无效的。
行 1594: 属性名 BuddyIndex 在 UpDown1 中是无效的。
行 1595: 属性名 OrigLeft 在 UpDown1 中是无效的。
行 1596: 属性名 OrigTop 在 UpDown1 中是无效的。
行 1597: 属性名 OrigRight 在 UpDown1 中是无效的。
行 1598: 属性名 OrigBottom 在 UpDown1 中是无效的。
行 1608: 属性名 _ExtentX 在 UpDown1 中是无效的。
行 1609: 属性名 _ExtentY 在 UpDown1 中是无效的。
行 1610: 属性名 _Version 在 UpDown1 中是无效的。
行 1611: 属性名 BuddyControl 在 UpDown1 中是无效的。
行 1612: 属性名 BuddyDispid 在 UpDown1 中是无效的。
行 1613: 属性名 BuddyIndex 在 UpDown1 中是无效的。
行 1614: 属性名 OrigLeft 在 UpDown1 中是无效的。
行 1615: 属性名 OrigTop 在 UpDown1 中是无效的。
行 1616: 属性名 OrigRight 在 UpDown1 中是无效的。
行 1617: 属性名 OrigBottom 在 UpDown1 中是无效的。
